\BOOKMARK [1][-]{section*.1}{\376\377\000A\000b\000s\000t\000r\000a\000c\000t}{}% 1
\BOOKMARK [1][-]{section.1}{\376\377\0001\000\040\000I\000n\000t\000r\000o\000d\000u\000c\000t\000i\000o\000n}{}% 2
\BOOKMARK [1][-]{section.2}{\376\377\0002\000\040\000T\000h\000e\000\040\000p\000r\000o\000b\000l\000e\000m\000\040\000a\000n\000d\000\040\000o\000u\000r\000\040\000a\000p\000p\000r\000o\000a\000c\000h}{}% 3
\BOOKMARK [2][-]{subsection.2.1}{\376\377\0002\000.\0001\000\040\0001\000s\000t\000\040\000C\000h\000a\000l\000l\000e\000n\000g\000e\000:\000\040\000S\000p\000e\000c\000i\000f\000i\000c\000a\000t\000i\000o\000n\000\040\000L\000a\000n\000g\000u\000a\000g\000e}{section.2}% 4
\BOOKMARK [2][-]{subsection.2.2}{\376\377\0002\000.\0002\000\040\0002\000n\000d\000\040\000C\000h\000a\000l\000l\000e\000n\000g\000e\000:\000\040\000A\000\040\000H\000o\000a\000r\000e\000\040\000l\000o\000g\000i\000c\000\040\000f\000o\000r\000\040\000a\000d\000h\000e\000r\000e\000n\000c\000e\000\040\000t\000o\000\040\000s\000p\000e\000c\000i\000f\000i\000c\000a\000t\000i\000o\000n\000s}{section.2}% 5
\BOOKMARK [1][-]{section.3}{\376\377\0003\000\040\000T\000h\000e\000\040\000u\000n\000d\000e\000r\000l\000y\000i\000n\000g\000\040\000p\000r\000o\000g\000r\000a\000m\000m\000i\000n\000g\000\040\000l\000a\000n\000g\000u\000a\000g\000e\000\040\000L\000u\000l}{}% 6
\BOOKMARK [2][-]{subsection.3.1}{\376\377\0003\000.\0001\000\040\000L\000u\000l\000\040\000s\000y\000n\000t\000a\000x\000\040\000a\000n\000d\000\040\000r\000u\000n\000t\000i\000m\000e\000\040\000c\000o\000n\000f\000i\000g\000u\000r\000a\000t\000i\000o\000n\000s}{section.3}% 7
\BOOKMARK [2][-]{subsection.3.2}{\376\377\0003\000.\0002\000\040\000L\000u\000l\000\040\000E\000x\000e\000c\000u\000t\000i\000o\000n}{section.3}% 8
\BOOKMARK [2][-]{subsection.3.3}{\376\377\0003\000.\0003\000\040\000F\000u\000n\000d\000a\000m\000e\000n\000t\000a\000l\000\040\000C\000o\000n\000c\000e\000p\000t\000s}{section.3}% 9
\BOOKMARK [1][-]{section.4}{\376\377\0004\000\040\000A\000s\000s\000e\000r\000t\000i\000o\000n\000s}{}% 10
\BOOKMARK [2][-]{subsection.4.1}{\376\377\0004\000.\0001\000\040\000S\000e\000m\000a\000n\000t\000i\000c\000s\000\040\000o\000f\000\040\000a\000s\000s\000e\000r\000t\000i\000o\000n\000s\000\040\040\023\000\040\000f\000i\000r\000s\000t\000\040\000p\000a\000r\000t}{section.4}% 11
\BOOKMARK [2][-]{subsection.4.2}{\376\377\0004\000.\0002\000\040\000S\000e\000m\000a\000n\000t\000i\000c\000s\000\040\000o\000f\000\040\000A\000s\000s\000e\000r\000t\000i\000o\000n\000s\000\040\000-\000\040\000s\000e\000c\000o\000n\000d\000\040\000p\000a\000r\000t}{section.4}% 12
\BOOKMARK [2][-]{subsection.4.3}{\376\377\0004\000.\0003\000\040\000P\000r\000e\000s\000e\000r\000v\000a\000t\000i\000o\000n\000\040\000o\000f\000\040\000A\000s\000s\000e\000r\000t\000i\000o\000n\000s}{section.4}% 13
\BOOKMARK [1][-]{section.5}{\376\377\0005\000\040\000\040\000S\000p\000e\000c\000i\000f\000i\000c\000a\000t\000i\000o\000n\000s}{}% 14
\BOOKMARK [2][-]{subsection.5.1}{\376\377\0005\000.\0001\000\040\000S\000y\000n\000t\000a\000x\000,\000\040\000S\000e\000m\000a\000n\000t\000i\000c\000s\000,\000\040\000a\000n\000d\000\040\000E\000x\000a\000m\000p\000l\000e\000s\000\040\000o\000f\000\040\000S\000p\000e\000c\000i\000f\000i\000c\000a\000t\000i\000o\000n\000s}{section.5}% 15
\BOOKMARK [2][-]{subsection.5.2}{\376\377\0005\000.\0002\000\040\000W\000e\000l\000l\000-\000f\000o\000r\000m\000e\000d\000n\000e\000s\000s\000\040\000o\000f\000\040\000S\000p\000e\000c\000i\000f\000i\000c\000a\000t\000i\000o\000n\000s}{section.5}% 16
\BOOKMARK [2][-]{subsection.5.3}{\376\377\0005\000.\0003\000\040\000D\000i\000s\000c\000u\000s\000s\000i\000o\000n}{section.5}% 17
\BOOKMARK [1][-]{section.6}{\376\377\0006\000\040\000H\000o\000a\000r\000e\000\040\000L\000o\000g\000i\000c}{}% 18
\BOOKMARK [2][-]{subsection.6.1}{\376\377\0006\000.\0001\000\040\000F\000i\000r\000s\000t\000\040\000P\000h\000a\000s\000e\000:\000\040\000T\000r\000i\000p\000l\000e\000s}{section.6}% 19
\BOOKMARK [2][-]{subsection.6.2}{\376\377\0006\000.\0002\000\040\000S\000e\000c\000o\000n\000d\000\040\000P\000h\000a\000s\000e\000:\000\040\000Q\000u\000a\000d\000r\000u\000p\000l\000e\000s}{section.6}% 20
\BOOKMARK [2][-]{subsection.6.3}{\376\377\0006\000.\0003\000\040\000T\000h\000i\000r\000d\000\040\000p\000h\000a\000s\000e\000:\000\040\000P\000r\000o\000v\000i\000n\000g\000\040\000a\000d\000h\000e\000r\000e\000n\000c\000e\000\040\000t\000o\000\040\000M\000o\000d\000u\000l\000e\000\040\000S\000p\000e\000c\000i\000f\000i\000c\000a\000t\000i\000o\000n\000s}{section.6}% 21
\BOOKMARK [2][-]{subsection.6.4}{\376\377\0006\000.\0004\000\040\000O\000u\000r\000\040\000E\000x\000a\000m\000p\000l\000e\000\040\000P\000r\000o\000v\000e\000n}{section.6}% 22
\BOOKMARK [1][-]{section.7}{\376\377\0007\000\040\000S\000o\000u\000n\000d\000n\000e\000s\000s}{}% 23
\BOOKMARK [1][-]{section.8}{\376\377\0008\000\040\000C\000o\000n\000c\000l\000u\000s\000i\000o\000n\000:\000\040\000S\000u\000m\000m\000a\000r\000y\000,\000\040\000R\000e\000l\000a\000t\000e\000d\000\040\000W\000o\000r\000k\000\040\000a\000n\000d\000\040\000F\000u\000r\000t\000h\000e\000r\000\040\000W\000o\000r\000k}{}% 24
\BOOKMARK [1][-]{section*.19}{\376\377\000R\000e\000f\000e\000r\000e\000n\000c\000e\000s}{}% 25
