\BOOKMARK [1][-]{section*.1}{\376\377\000A\000b\000s\000t\000r\000a\000c\000t}{}% 1
\BOOKMARK [1][-]{section.1}{\376\377\0001\000\040\000I\000n\000t\000r\000o\000d\000u\000c\000t\000i\000o\000n}{}% 2
\BOOKMARK [1][-]{section.2}{\376\377\0002\000\040\000I\000n\000t\000r\000o\000d\000u\000c\000t\000i\000o\000n}{}% 3
\BOOKMARK [1][-]{section.3}{\376\377\0003\000\040\000O\000u\000r\000\040\000R\000e\000s\000e\000a\000r\000c\000h\000\040\000Q\000u\000e\000s\000t\000i\000o\000n\000:\000\040\000H\000o\000w\000\040\000t\000o\000\040\000s\000p\000e\000c\000i\000f\000y\000\040\000R\000o\000b\000u\000s\000t\000n\000e\000s\000s}{}% 4
\BOOKMARK [1][-]{section.4}{\376\377\0004\000\040\000O\000u\000r\000\040\000P\000r\000o\000p\000o\000s\000a\000l}{}% 5
\BOOKMARK [2][-]{subsection.4.1}{\376\377\0004\000.\0001\000\040\000P\000r\000e\000l\000i\000m\000i\000n\000a\000r\000i\000e\000s}{section.4}% 6
\BOOKMARK [2][-]{subsection.4.2}{\376\377\0004\000.\0002\000\040\000E\000x\000t\000e\000n\000s\000i\000o\000n\000s}{section.4}% 7
\BOOKMARK [2][-]{subsection.4.3}{\376\377\0004\000.\0003\000\040\000I\000n\000v\000a\000r\000i\000a\000n\000t\000s}{section.4}% 8
\BOOKMARK [2][-]{subsection.4.4}{\376\377\0004\000.\0004\000\040\000I\000m\000p\000l\000i\000c\000a\000t\000i\000o\000n\000\040\000a\000n\000d\000\040\000e\000q\000u\000i\000v\000a\000l\000e\000n\000c\000e}{section.4}% 9
\BOOKMARK [1][-]{section.5}{\376\377\0005\000\040\000S\000p\000e\000c\000i\000f\000i\000c\000a\000t\000i\000o\000n\000s\000\040\000f\000o\000r\000\040\000R\000o\000b\000u\000s\000t\000n\000e\000s\000s\000\040\000P\000o\000l\000i\000c\000i\000e\000s}{}% 10
\BOOKMARK [2][-]{subsection.5.1}{\376\377\0005\000.\0001\000\040\000S\000p\000e\000c\000i\000f\000i\000c\000a\000t\000i\000o\000n\000\040\000o\000f\000\040\000P\000o\000l\000\137\0002\000\040\000a\000n\000d\000\040\000P\000o\000l\000\137\0004}{section.5}% 11
\BOOKMARK [2][-]{subsection.5.2}{\376\377\0005\000.\0002\000\040\000S\000p\000e\000c\000i\000f\000y\000i\000n\000g\000\040\000"\000n\000o\000\040\000l\000e\000a\000k\000s\000"}{section.5}% 12
\BOOKMARK [1][-]{section.6}{\376\377\0006\000\040\000A\000d\000h\000e\000r\000e\000n\000c\000e\000\040\000t\000o\000\040\000P\000o\000l\000i\000c\000i\000e\000s}{}% 13
\BOOKMARK [2][-]{subsection.6.1}{\376\377\0006\000.\0001\000\040\000G\000e\000n\000e\000r\000a\000l\000\040\000p\000r\000o\000p\000e\000r\000t\000i\000e\000s\000\040\000o\000f\000\040\000e\000x\000e\000c\000u\000t\000i\000o\000n}{section.6}% 14
\BOOKMARK [2][-]{subsection.6.2}{\376\377\0006\000.\0002\000\040\000A\000d\000h\000e\000r\000e\000n\000c\000e\000\040\000t\000o\000\040\000P\000o\000l\000i\000c\000i\000e\000s\000\040\000f\000o\000r\000\040\000m\000o\000d\000u\000l\000e\000\040\000M\000B\000A}{section.6}% 15
\BOOKMARK [2][-]{subsection.6.3}{\376\377\0006\000.\0003\000\040\000A\000d\000h\000e\000r\000e\000n\000c\000e\000\040\000t\000o\000\040\000P\000o\000l\000i\000c\000i\000e\000s\000\040\000f\000o\000r\000\040\000m\000o\000d\000u\000l\000e\000\040\000M\000B\000A\000'}{section.6}% 16
\BOOKMARK [1][-]{section.7}{\376\377\0007\000\040\000H\000o\000a\000r\000e\000\040\000L\000o\000g\000i\000c}{}% 17
\BOOKMARK [1][-]{section.8}{\376\377\0008\000\040\000F\000u\000r\000t\000h\000e\000r\000\040\000A\000p\000p\000l\000i\000c\000a\000t\000i\000o\000n\000s}{}% 18
\BOOKMARK [2][-]{subsection.8.1}{\376\377\0008\000.\0001\000\040\000T\000h\000e\000\040\000D\000O\000M\000\040\000t\000r\000e\000e}{section.8}% 19
\BOOKMARK [2][-]{subsection.8.2}{\376\377\0008\000.\0002\000\040\000T\000h\000e\000\040\000m\000e\000m\000b\000r\000a\000n\000e}{section.8}% 20
\BOOKMARK [2][-]{subsection.8.3}{\376\377\0008\000.\0003\000\040\000S\000e\000a\000l\000e\000r\000/\000U\000n\000s\000e\000a\000l\000e\000r}{section.8}% 21
\BOOKMARK [2][-]{subsection.8.4}{\376\377\0008\000.\0004\000\040\000T\000h\000e\000\040\000D\000A\000O\000\040}{section.8}% 22
\BOOKMARK [1][-]{section.9}{\376\377\0009\000\040\000D\000i\000s\000c\000u\000s\000s\000i\000o\000n}{}% 23
