\BOOKMARK [1][-]{section*.1}{\376\377\000A\000b\000s\000t\000r\000a\000c\000t}{}% 1
\BOOKMARK [1][-]{section.1}{\376\377\0001\000\040\000I\000n\000t\000r\000o\000d\000u\000c\000t\000i\000o\000n}{}% 2
\BOOKMARK [1][-]{section.2}{\376\377\0002\000\040\000M\000o\000t\000i\000v\000a\000t\000i\000n\000g\000\040\000E\000x\000a\000m\000p\000l\000e\000\040\040\023\000\040\000A\000t\000t\000e\000n\000u\000a\000t\000i\000n\000g\000\040\000t\000h\000e\000\040\000D\000O\000M}{}% 3
\BOOKMARK [1][-]{section.3}{\376\377\0003\000\040\000O\000v\000e\000r\000v\000i\000e\000w\000\040\000o\000f\000\040\000o\000u\000r\000\040\000a\000p\000p\000r\000o\000a\000c\000h}{}% 4
\BOOKMARK [1][-]{section.4}{\376\377\0004\000\040\000T\000h\000e\000\040\000l\000a\000n\000g\000u\000a\000g\000e\000\040\000L\000o\000o}{}% 5
\BOOKMARK [2][-]{subsection.4.1}{\376\377\0004\000.\0001\000\040\000M\000o\000d\000u\000l\000e\000s\000\040\000a\000n\000d\000\040\000C\000l\000a\000s\000s\000e\000s}{section.4}% 6
\BOOKMARK [2][-]{subsection.4.2}{\376\377\0004\000.\0002\000\040\000T\000h\000e\000\040\000O\000p\000e\000r\000a\000t\000i\000o\000n\000a\000l\000\040\000S\000e\000m\000a\000n\000t\000i\000c\000s\000\040\000o\000f\000\040\000L\000o\000o}{section.4}% 7
\BOOKMARK [2][-]{subsection.4.3}{\376\377\0004\000.\0003\000\040\000D\000e\000f\000i\000n\000e\000d\000n\000e\000s\000s\000\040\000o\000f\000\040\000e\000x\000e\000c\000u\000t\000i\000o\000n\000,\000\040\000a\000n\000d\000\040\000e\000x\000t\000e\000n\000d\000i\000n\000g\000\040\000c\000o\000n\000f\000i\000g\000u\000r\000a\000t\000i\000o\000n\000s}{section.4}% 8
\BOOKMARK [2][-]{subsection.4.4}{\376\377\0004\000.\0004\000\040\000M\000o\000d\000u\000l\000e\000\040\000l\000i\000n\000k\000i\000n\000g}{section.4}% 9
\BOOKMARK [2][-]{subsection.4.5}{\376\377\0004\000.\0005\000\040\000M\000o\000d\000u\000l\000e\000\040\000p\000a\000i\000r\000s\000\040\000a\000n\000d\000\040\000v\000i\000s\000i\000b\000l\000e\000\040\000s\000t\000a\000t\000e\000s\000\040\000s\000e\000m\000a\000n\000t\000i\000c\000s}{section.4}% 10
\BOOKMARK [1][-]{section.5}{\376\377\0005\000\040\000\040\000A\000s\000s\000e\000r\000t\000i\000o\000n\000s}{}% 11
\BOOKMARK [2][-]{subsection.5.1}{\376\377\0005\000.\0001\000\040\000T\000h\000e\000\040\000s\000y\000n\000t\000a\000x\000\040\000o\000f\000\040\000E\000x\000p\000r\000e\000s\000s\000i\000o\000n\000s\000\040\000a\000n\000d\000\040\000A\000s\000s\000e\000r\000t\000i\000o\000n\000s}{section.5}% 12
\BOOKMARK [2][-]{subsection.5.2}{\376\377\0005\000.\0002\000\040\000C\000o\000n\000f\000i\000g\000u\000r\000a\000t\000i\000o\000n\000\040\000a\000d\000a\000p\000t\000a\000t\000i\000o\000n\000\040\000a\000n\000d\000\040\000c\000o\000n\000f\000i\000g\000u\000r\000a\000t\000i\000o\000n\000\040\000r\000e\000s\000t\000r\000i\000c\000t\000i\000o\000n\000s}{section.5}% 13
\BOOKMARK [2][-]{subsection.5.3}{\376\377\0005\000.\0003\000\040\000S\000a\000t\000i\000s\000f\000a\000c\000t\000i\000o\000n\000\040\000o\000f\000\040\000a\000s\000s\000e\000r\000t\000i\000o\000n\000s}{section.5}% 14
\BOOKMARK [1][-]{section*.6}{\376\377\000R\000e\000f\000e\000r\000e\000n\000c\000e\000s}{}% 15
\BOOKMARK [1][-]{appendix.A}{\376\377\000A\000\040\000E\000x\000a\000m\000p\000l\000e\000\040\040\023\000\040\000D\000O\000M}{}% 16
\BOOKMARK [1][-]{appendix.B}{\376\377\000B\000\040\000E\000x\000a\000m\000p\000l\000e\000\040\040\023\000\040\000D\000A\000O}{}% 17
\BOOKMARK [1][-]{appendix.C}{\376\377\000C\000\040\000E\000x\000a\000m\000p\000l\000e\000\040\040\023\000\040\000E\000R\000C\0002\0000}{}% 18
\BOOKMARK [1][-]{appendix.D}{\376\377\000D\000\040\000E\000x\000a\000m\000p\000l\000e\000\040\040\023\000\040\000P\000u\000r\000s\000e\000\040\000a\000n\000d\000\040\000M\000i\000n\000t}{}% 19
\BOOKMARK [1][-]{appendix.E}{\376\377\000E\000\040\000E\000x\000a\000m\000p\000l\000e\000\040\040\023\000\040\000M\000e\000m\000b\000r\000a\000n\000e}{}% 20
